2022-01-24 15:52:30,673 INFO: Parsing command line arguments
2022-01-24 15:52:30,673 INFO: Received following arguments: inputfile=urd-mono-sample-text.txt, listfile=mybag-uniq.csv, source language=urd, target language=hin, srcbag=urd-mono-bag.txt, tgtbag=hin-mono-bag.txt, output file=out.txt
2022-01-24 15:52:30,673 INFO: Going into normalize function: text=|نہیں تھی وطن والی کہ پیٹھ پر ایک دھپلگایا۔ 
ہونٹ دائرنما ہو جاتے۔ 
انسانی رشتوں میں انا کی کیل جڑی ہوتی ہے۔ سب میں بھاری ہوتی ہے باپ کی انا۔! باپ کا رول اکثر ویلن کا بھی ہو تا ہے۔ 
باپ اکثر بھول جاتے ہیں کہ بیٹوں کے پہلو میں بھی دل ہوتا ہے۔ باپ کی انا دل کی دھڑکنوں پر قابض ہوتی ہے۔ جیلانی کے پہلو میں بھی دل تھا۔ جب دسویں جماعت پاس کی تو اس میں حسن بانو کا دل دھڑکنے لگا۔ سرخ سرخ ہونٹ۔ گلابی رخسار۔ جھکی جھکی سی آنکھیں۔! 
جیلانی ریٹائرڈ آئی۔ اے۔ اس۔ تھے۔ انہوں نے آئی اے اس کالونی میں ہی مکان بنوانا پسند کیا تھا۔|
2022-01-24 15:52:30,674 INFO: After normalize function: text=|نہیں تھی وطن والی کہ پیٹھ پر ایک دھپلگایا۔ 
ہونٹ دائرنما ہو جاتے۔ 
انسانی رشتوں میں انا کی کیل جڑی ہوتی ہے۔ سب میں بھاری ہوتی ہے باپ کی انا۔! باپ کا رول اکثر ویلن کا بھی ہو تا ہے۔ 
باپ اکثر بھول جاتے ہیں کہ بیٹوں کے پہلو میں بھی دل ہوتا ہے۔ باپ کی انا دل کی دھڑکنوں پر قابض ہوتی ہے۔ جیلانی کے پہلو میں بھی دل تھا۔ جب دسویں جماعت پاس کی تو اس میں حسن بانو کا دل دھڑکنے لگا۔ سرخ سرخ ہونٹ۔ گلابی رخسار۔ جھکی جھکی سی آنکھیں۔! 
جیلانی ریٹائرڈ آئی۔ اے۔ اس۔ تھے۔ انہوں نے آئی اے اس کالونی میں ہی مکان بنوانا پسند کیا تھا۔|
2022-01-24 15:52:30,674 INFO: Going into pre process function
2022-01-24 15:52:30,674 INFO: In Pre Process Function, text=نہیں تھی وطن والی کہ پیٹھ پر ایک دھپلگایا۔ 
ہونٹ دائرنما ہو جاتے۔ 
انسانی رشتوں میں انا کی کیل جڑی ہوتی ہے۔ سب میں بھاری ہوتی ہے باپ کی انا۔! باپ کا رول اکثر ویلن کا بھی ہو تا ہے۔ 
باپ اکثر بھول جاتے ہیں کہ بیٹوں کے پہلو میں بھی دل ہوتا ہے۔ باپ کی انا دل کی دھڑکنوں پر قابض ہوتی ہے۔ جیلانی کے پہلو میں بھی دل تھا۔ جب دسویں جماعت پاس کی تو اس میں حسن بانو کا دل دھڑکنے لگا۔ سرخ سرخ ہونٹ۔ گلابی رخسار۔ جھکی جھکی سی آنکھیں۔! 
جیلانی ریٹائرڈ آئی۔ اے۔ اس۔ تھے۔ انہوں نے آئی اے اس کالونی میں ہی مکان بنوانا پسند کیا تھا۔
2022-01-24 15:52:30,674 INFO: Pre Process Function before subsitution from pre process bag, text=نہیں تھی وطن والی کہ پیٹھ پر ایک دھپلگایا۔ 
ہونٹ دائرنما ہو جاتے۔ 
انسانی رشتوں میں انا کی کیل جڑی ہوتی ہے۔ سب میں بھاری ہوتی ہے باپ کی انا۔! باپ کا رول اکثر ویلن کا بھی ہو تا ہے۔ 
باپ اکثر بھول جاتے ہیں کہ بیٹوں کے پہلو میں بھی دل ہوتا ہے۔ باپ کی انا دل کی دھڑکنوں پر قابض ہوتی ہے۔ جیلانی کے پہلو میں بھی دل تھا۔ جب دسویں جماعت پاس کی تو اس میں حسن بانو کا دل دھڑکنے لگا۔ سرخ سرخ ہونٹ۔ گلابی رخسار۔ جھکی جھکی سی آنکھیں۔! 
جیلانی ریٹائرڈ آئی۔ اے۔ اس۔ تھے۔ انہوں نے آئی اے اس کالونی میں ہی مکان بنوانا پسند کیا تھا۔
2022-01-24 15:52:30,674 INFO: Pre Process Function after subsitution from pre process bag, text=نہیں تھی وطن والی کہ پیٹھ پر ایک دھپلگایا۔ 
ہونٹ دائرنما ہو جاتے۔ 
انسانی رشتوں میں انا کی کیل جڑی ہوتی ہے۔ سب میں بھاری ہوتی ہے باپ کی انا۔! باپ کا رول اکثر ویلن کا بھی ہو تا ہے۔ 
باپ اکثر بھول جاتے ہیں کہ بیٹوں کے پہلو میں بھی دل ہوتا ہے۔ باپ کی انا دل کی دھڑکنوں پر قابض ہوتی ہے۔ جیلانی کے پہلو میں بھی دل تھا۔ جب دسویں جماعت پاس کی تو اس میں حسن بانو کا دل دھڑکنے لگا۔ سرخ سرخ ہونٹ۔ گلابی رخسار۔ جھکی جھکی سی آنکھیں۔! 
جیلانی ریٹائرڈ آئی_اے_اس تھے۔ انہوں نے آئی_اے_اس کالونی میں ہی مکان بنوانا پسند کیا تھا۔
2022-01-24 15:52:30,674 INFO: After pre process function text=|نہیں تھی وطن والی کہ پیٹھ پر ایک دھپلگایا۔ 
ہونٹ دائرنما ہو جاتے۔ 
انسانی رشتوں میں انا کی کیل جڑی ہوتی ہے۔ سب میں بھاری ہوتی ہے باپ کی انا۔! باپ کا رول اکثر ویلن کا بھی ہو تا ہے۔ 
باپ اکثر بھول جاتے ہیں کہ بیٹوں کے پہلو میں بھی دل ہوتا ہے۔ باپ کی انا دل کی دھڑکنوں پر قابض ہوتی ہے۔ جیلانی کے پہلو میں بھی دل تھا۔ جب دسویں جماعت پاس کی تو اس میں حسن بانو کا دل دھڑکنے لگا۔ سرخ سرخ ہونٹ۔ گلابی رخسار۔ جھکی جھکی سی آنکھیں۔! 
جیلانی ریٹائرڈ آئی_اے_اس تھے۔ انہوں نے آئی_اے_اس کالونی میں ہی مکان بنوانا پسند کیا تھا۔|
2022-01-24 15:52:30,674 INFO: Going into tokenize function
2022-01-24 15:52:30,676 INFO: After tokenize function: text=| نہیں تھی وطن والی کہ پیٹھ پر ایک دھپلگایا ۔  
 ہونٹ دائرنما ہو جاتے ۔  
 انسانی رشتوں میں انا کی کیل جڑی ہوتی ہے ۔ سب میں بھاری ہوتی ہے باپ کی انا ۔ ! باپ کا رول اکثر ویلن کا بھی ہو تا ہے ۔  
 باپ اکثر بھول جاتے ہیں کہ بیٹوں کے پہلو میں بھی دل ہوتا ہے ۔ باپ کی انا دل کی دھڑکنوں پر قابض ہوتی ہے ۔ جیلانی کے پہلو میں بھی دل تھا ۔ جب دسویں جماعت پاس کی تو اس میں حسن بانو کا دل دھڑکنے لگا ۔ سرخ سرخ ہونٹ ۔ گلابی رخسار ۔ جھکی جھکی سی آنکھیں ۔ !  
 جیلانی ریٹائرڈ آئی _ اے _ اس تھے ۔ انہوں نے آئی _ اے _ اس کالونی میں ہی مکان بنوانا پسند کیا تھا ۔ |
2022-01-24 15:52:30,676 INFO: Going into get_unique_list function
2022-01-24 15:52:30,676 INFO: After get_unique_list function: unique_list=|____پاس____جھکی____دل____سب____قابض____آئی____!____نے____ہونٹ____آنکھیں____کی____تو____ریٹائرڈ____کالونی____پر____لگا____بیٹوں____دھڑکنے____گلابی____ہی____کہ____باپ____جیلانی____جب____انا____رخسار____تھے____دھڑکنوں____انہوں____کیل____انسانی____دھپلگایا____تھی____تھا____مکان____اکثر____رشتوں____اس____دائرنما____حسن____اے____ویلن____ہیں____ہو____سی_________وطن____رول____کا____جماعت____کیا____والی____بانو____جڑی____کے____پہلو____ہوتی____بنوانا____۔____نہیں____بھاری____ہے____بھی____پیٹھ____ایک____جاتے____بھول____دسویں____پسند____تا____سرخ____میں____ہوتا|
2022-01-24 15:52:30,676 INFO: Going into get_mt_out function
2022-01-24 15:52:31,771 INFO: After get_mt_out function: generated uwords.txt and temp.txt files and saved each unique_word mt output in hash={'': '', 'پاس': 'पास', 'جھکی': 'झुकी', 'دل': 'दिल', 'سب': 'सब', 'قابض': 'काबिज', 'آئی': 'आई', '!': '!', 'نے': 'ने', 'ہونٹ': 'होंट', 'آنکھیں': 'आंखें', 'کی': 'की', 'تو': 'तो', 'ریٹائرڈ': 'रिटायर्ड', 'کالونی': 'कालोनी', 'پر': 'पर', 'لگا': 'लगा', 'بیٹوں': 'बेटों', 'دھڑکنے': 'धड़कने', 'گلابی': 'गुलाबी', 'ہی': 'ही', 'کہ': 'कि', 'باپ': 'बाप', 'جیلانی': 'जैलानी', 'جب': 'जब', 'انا': 'अना', 'رخسار': 'रुखसार', 'تھے': 'थे', 'دھڑکنوں': 'धड़कनों', 'انہوں': 'उन्हों', 'کیل': 'केल', 'انسانی': 'इंसानी', 'دھپلگایا': 'धप्लगाया', 'تھی': 'थी', 'تھا': 'था', 'مکان': 'मकान', 'اکثر': 'अक्सर', 'رشتوں': 'रिश्तों', 'اس': 'इस', 'دائرنما': 'दायर्नुमा', 'حسن': 'हसन', 'اے': 'ए', 'ویلن': 'वेलन', 'ہیں': 'हैं', 'ہو': 'हो', 'سی': 'सी', '_': '_', 'وطن': 'वतन', 'رول': 'रोल', 'کا': 'का', 'جماعت': 'जमात', 'کیا': 'किया', 'والی': 'वाली', 'بانو': 'बानो', 'جڑی': 'जड़ी', 'کے': 'के', 'پہلو': 'पहलू', 'ہوتی': 'होती', 'بنوانا': 'बनवाना', '۔': '.', 'نہیں': 'नहीं', 'بھاری': 'भारी', 'ہے': 'है', 'بھی': 'भी', 'پیٹھ': 'पीठ', 'ایک': 'एक', 'جاتے': 'जाते', 'بھول': 'भूल', 'دسویں': 'दसवीं', 'پسند': 'पसंद', 'تا': 'ता', 'سرخ': 'सुर्ख', 'میں': 'में', 'ہوتا': 'होता'}
2022-01-24 15:52:31,771 INFO: Going into transliterate function
2022-01-24 15:52:31,771 INFO: Found word in user bag;word=|پاس|,target=|पास|
2022-01-24 15:52:31,771 INFO: Found word in machine transliteration;word=|جھکی|,target=|झुकी|
2022-01-24 15:52:31,771 INFO: Found word in user bag;word=|دل|,target=|दिल|
2022-01-24 15:52:31,771 INFO: Found word in user bag;word=|سب|,target=|सब|
2022-01-24 15:52:31,771 INFO: Found word in machine transliteration;word=|قابض|,target=|काबिज|
2022-01-24 15:52:31,771 INFO: Found word in machine transliteration;word=|آئی|,target=|आई|
2022-01-24 15:52:31,771 INFO: Found word in machine transliteration;word=|!|,target=|!|
2022-01-24 15:52:31,771 INFO: Found word in user bag;word=|نے|,target=|ने|
2022-01-24 15:52:31,771 INFO: Found word in machine transliteration;word=|ہونٹ|,target=|होंट|
2022-01-24 15:52:31,771 INFO: Found word in machine transliteration;word=|آنکھیں|,target=|आंखें|
2022-01-24 15:52:31,772 INFO: Found word in user bag;word=|کی|,target=|की|
2022-01-24 15:52:31,772 INFO: Found word in machine transliteration;word=|تو|,target=|तो|
2022-01-24 15:52:31,772 INFO: Found word in machine transliteration;word=|ریٹائرڈ|,target=|रिटायर्ड|
2022-01-24 15:52:31,772 INFO: Found word in machine transliteration;word=|کالونی|,target=|कालोनी|
2022-01-24 15:52:31,772 INFO: Found word in user bag;word=|پر|,target=|पर|
2022-01-24 15:52:31,772 INFO: Found word in machine transliteration;word=|لگا|,target=|लगा|
2022-01-24 15:52:31,772 INFO: Found word in machine transliteration;word=|بیٹوں|,target=|बेटों|
2022-01-24 15:52:31,772 INFO: Found word in machine transliteration;word=|دھڑکنے|,target=|धड़कने|
2022-01-24 15:52:31,772 INFO: Found word in machine transliteration;word=|گلابی|,target=|गुलाबी|
2022-01-24 15:52:31,772 INFO: Found word in machine transliteration;word=|ہی|,target=|ही|
2022-01-24 15:52:31,772 INFO: Found word in machine transliteration;word=|کہ|,target=|कि|
2022-01-24 15:52:31,772 INFO: Found word in machine transliteration;word=|باپ|,target=|बाप|
2022-01-24 15:52:31,772 INFO: Found word in machine transliteration;word=|جیلانی|,target=|जैलानी|
2022-01-24 15:52:31,772 INFO: Found word in machine transliteration;word=|جب|,target=|जब|
2022-01-24 15:52:31,772 INFO: Found word in machine transliteration;word=|انا|,target=|अना|
2022-01-24 15:52:31,772 INFO: Found word in machine transliteration;word=|رخسار|,target=|रुखसार|
2022-01-24 15:52:31,772 INFO: Found word in user bag;word=|تھے|,target=|थे|
2022-01-24 15:52:31,772 INFO: Found word in machine transliteration;word=|دھڑکنوں|,target=|धड़कनों|
2022-01-24 15:52:31,773 INFO: Found word in user bag;word=|انہوں|,target=|उन्हों|
2022-01-24 15:52:31,773 INFO: Found word in machine transliteration;word=|کیل|,target=|केल|
2022-01-24 15:52:31,773 INFO: Found word in machine transliteration;word=|انسانی|,target=|इंसानी|
2022-01-24 15:52:31,773 INFO: Found word in machine transliteration;word=|دھپلگایا|,target=|धप्लगाया|
2022-01-24 15:52:31,773 INFO: Found word in user bag;word=|تھی|,target=|थी|
2022-01-24 15:52:31,773 INFO: Found word in machine transliteration;word=|تھا|,target=|था|
2022-01-24 15:52:31,773 INFO: Found word in user bag;word=|مکان|,target=|मकान|
2022-01-24 15:52:31,773 INFO: Found word in machine transliteration;word=|اکثر|,target=|अक्सर|
2022-01-24 15:52:31,773 INFO: Found word in machine transliteration;word=|رشتوں|,target=|रिश्तों|
2022-01-24 15:52:31,773 INFO: Found word in user bag;word=|اس|,target=|इस|
2022-01-24 15:52:31,773 INFO: Found word in machine transliteration;word=|دائرنما|,target=|दायर्नुमा|
2022-01-24 15:52:31,773 INFO: Found word in machine transliteration;word=|حسن|,target=|हसन|
2022-01-24 15:52:31,773 INFO: Found word in machine transliteration;word=|اے|,target=|ए|
2022-01-24 15:52:31,773 INFO: Found word in machine transliteration;word=|ویلن|,target=|वेलन|
2022-01-24 15:52:31,773 INFO: Found word in machine transliteration;word=|ہیں|,target=|हैं|
2022-01-24 15:52:31,773 INFO: Found word in user bag;word=|ہو|,target=|हो|
2022-01-24 15:52:31,773 INFO: Found word in machine transliteration;word=|سی|,target=|सी|
2022-01-24 15:52:31,773 INFO: Found word in machine transliteration;word=|_|,target=|_|
2022-01-24 15:52:31,774 INFO: Found word in machine transliteration;word=|وطن|,target=|वतन|
2022-01-24 15:52:31,774 INFO: Found word in machine transliteration;word=|رول|,target=|रोल|
2022-01-24 15:52:31,774 INFO: Found word in user bag;word=|کا|,target=|का|
2022-01-24 15:52:31,774 INFO: Found word in machine transliteration;word=|جماعت|,target=|जमात|
2022-01-24 15:52:31,774 INFO: Found word in machine transliteration;word=|کیا|,target=|किया|
2022-01-24 15:52:31,774 INFO: Found word in machine transliteration;word=|والی|,target=|वाली|
2022-01-24 15:52:31,774 INFO: Found word in machine transliteration;word=|بانو|,target=|बानो|
2022-01-24 15:52:31,774 INFO: Found word in machine transliteration;word=|جڑی|,target=|जड़ी|
2022-01-24 15:52:31,774 INFO: Found word in user bag;word=|کے|,target=|के|
2022-01-24 15:52:31,774 INFO: Found word in machine transliteration;word=|پہلو|,target=|पहलू|
2022-01-24 15:52:31,774 INFO: Found word in machine transliteration;word=|ہوتی|,target=|होती|
2022-01-24 15:52:31,774 INFO: Found word in machine transliteration;word=|بنوانا|,target=|बनवाना|
2022-01-24 15:52:31,774 INFO: Found word in user bag;word=|۔|,target=|।|
2022-01-24 15:52:31,774 INFO: Found word in machine transliteration;word=|نہیں|,target=|नहीं|
2022-01-24 15:52:31,774 INFO: Found word in machine transliteration;word=|بھاری|,target=|भारी|
2022-01-24 15:52:31,774 INFO: Found word in machine transliteration;word=|ہے|,target=|है|
2022-01-24 15:52:31,774 INFO: Found word in machine transliteration;word=|بھی|,target=|भी|
2022-01-24 15:52:31,774 INFO: Found word in machine transliteration;word=|پیٹھ|,target=|पीठ|
2022-01-24 15:52:31,775 INFO: Found word in user bag;word=|ایک|,target=|एक|
2022-01-24 15:52:31,775 INFO: Found word in machine transliteration;word=|جاتے|,target=|जाते|
2022-01-24 15:52:31,775 INFO: Found word in machine transliteration;word=|بھول|,target=|भूल|
2022-01-24 15:52:31,775 INFO: Found word in machine transliteration;word=|دسویں|,target=|दसवीं|
2022-01-24 15:52:31,775 INFO: Found word in machine transliteration;word=|پسند|,target=|पसंद|
2022-01-24 15:52:31,775 INFO: Found word in user bag;word=|تا|,target=|ता|
2022-01-24 15:52:31,775 INFO: Found word in machine transliteration;word=|سرخ|,target=|सुर्ख|
2022-01-24 15:52:31,775 INFO: Found word in user bag;word=|میں|,target=|में|
2022-01-24 15:52:31,775 INFO: Found word in machine transliteration;word=|ہوتا|,target=|होता|
2022-01-24 15:52:31,775 INFO: After transliterate function a hash is generated that contains key as each word from input and value as output from either the bag or mtoutput; hash={'پاس': 'पास', 'جھکی': 'झुकी', 'دل': 'दिल', 'سب': 'सब', 'قابض': 'काबिज', 'آئی': 'आई', '!': '!', 'نے': 'ने', 'ہونٹ': 'होंट', 'آنکھیں': 'आंखें', 'کی': 'की', 'تو': 'तो', 'ریٹائرڈ': 'रिटायर्ड', 'کالونی': 'कालोनी', 'پر': 'पर', 'لگا': 'लगा', 'بیٹوں': 'बेटों', 'دھڑکنے': 'धड़कने', 'گلابی': 'गुलाबी', 'ہی': 'ही', 'کہ': 'कि', 'باپ': 'बाप', 'جیلانی': 'जैलानी', 'جب': 'जब', 'انا': 'अना', 'رخسار': 'रुखसार', 'تھے': 'थे', 'دھڑکنوں': 'धड़कनों', 'انہوں': 'उन्हों', 'کیل': 'केल', 'انسانی': 'इंसानी', 'دھپلگایا': 'धप्लगाया', 'تھی': 'थी', 'تھا': 'था', 'مکان': 'मकान', 'اکثر': 'अक्सर', 'رشتوں': 'रिश्तों', 'اس': 'इस', 'دائرنما': 'दायर्नुमा', 'حسن': 'हसन', 'اے': 'ए', 'ویلن': 'वेलन', 'ہیں': 'हैं', 'ہو': 'हो', 'سی': 'सी', '_': '_', 'وطن': 'वतन', 'رول': 'रोल', 'کا': 'का', 'جماعت': 'जमात', 'کیا': 'किया', 'والی': 'वाली', 'بانو': 'बानो', 'جڑی': 'जड़ी', 'کے': 'के', 'پہلو': 'पहलू', 'ہوتی': 'होती', 'بنوانا': 'बनवाना', '۔': '।', 'نہیں': 'नहीं', 'بھاری': 'भारी', 'ہے': 'है', 'بھی': 'भी', 'پیٹھ': 'पीठ', 'ایک': 'एक', 'جاتے': 'जाते', 'بھول': 'भूल', 'دسویں': 'दसवीं', 'پسند': 'पसंद', 'تا': 'ता', 'سرخ': 'सुर्ख', 'میں': 'में', 'ہوتا': 'होता'}
2022-01-24 15:52:31,775 INFO: Going into replaceInText function: text=| نہیں تھی وطن والی کہ پیٹھ پر ایک دھپلگایا ۔  
 ہونٹ دائرنما ہو جاتے ۔  
 انسانی رشتوں میں انا کی کیل جڑی ہوتی ہے ۔ سب میں بھاری ہوتی ہے باپ کی انا ۔ ! باپ کا رول اکثر ویلن کا بھی ہو تا ہے ۔  
 باپ اکثر بھول جاتے ہیں کہ بیٹوں کے پہلو میں بھی دل ہوتا ہے ۔ باپ کی انا دل کی دھڑکنوں پر قابض ہوتی ہے ۔ جیلانی کے پہلو میں بھی دل تھا ۔ جب دسویں جماعت پاس کی تو اس میں حسن بانو کا دل دھڑکنے لگا ۔ سرخ سرخ ہونٹ ۔ گلابی رخسار ۔ جھکی جھکی سی آنکھیں ۔ !  
 جیلانی ریٹائرڈ آئی _ اے _ اس تھے ۔ انہوں نے آئی _ اے _ اس کالونی میں ہی مکان بنوانا پسند کیا تھا ۔ |
2022-01-24 15:52:31,775 INFO: replaceInText Function before subsitution, text= نہیں تھی وطن والی کہ پیٹھ پر ایک دھپلگایا ۔  
 ہونٹ دائرنما ہو جاتے ۔  
 انسانی رشتوں میں انا کی کیل جڑی ہوتی ہے ۔ سب میں بھاری ہوتی ہے باپ کی انا ۔ ! باپ کا رول اکثر ویلن کا بھی ہو تا ہے ۔  
 باپ اکثر بھول جاتے ہیں کہ بیٹوں کے پہلو میں بھی دل ہوتا ہے ۔ باپ کی انا دل کی دھڑکنوں پر قابض ہوتی ہے ۔ جیلانی کے پہلو میں بھی دل تھا ۔ جب دسویں جماعت پاس کی تو اس میں حسن بانو کا دل دھڑکنے لگا ۔ سرخ سرخ ہونٹ ۔ گلابی رخسار ۔ جھکی جھکی سی آنکھیں ۔ !  
 جیلانی ریٹائرڈ آئی _ اے _ اس تھے ۔ انہوں نے آئی _ اے _ اس کالونی میں ہی مکان بنوانا پسند کیا تھا ۔ 
2022-01-24 15:52:31,778 INFO: replaceInText Function after subsitution, text= नहीं थी वतन वाली कि पीठ पर एक धप्लगाया ।  
 होंट दायर्नुमा हो जाते ।  
 इंसानी रिश्तों में अना की केल जड़ी होती है । सब में भारी होती है बाप की अना । ! बाप का रोल अक्सर वेलन का भी हो ता है ।  
 बाप अक्सर भूल जाते हैं कि बेटों के पहलू में भी दिल होता है । बाप की अना दिल की धड़कनों पर काबिज होती है । जैलानी के पहलू में भी दिल था । जब दसवीं जमात पास की तो इस में हसन बानो का दिल धड़कने लगा । सुर्ख سرخ होंट । गुलाबी रुखसार । झुकी جھکی सी आंखें । !  
 जैलानी रिटायर्ड आई _ ए _ इस थे । उन्हों ने आई _ ए _ इस कालोनी में ही मकान बनवाना पसंद किया था । 
2022-01-24 15:52:31,778 INFO: After replaceInText function: text=| नहीं थी वतन वाली कि पीठ पर एक धप्लगाया ।  
 होंट दायर्नुमा हो जाते ।  
 इंसानी रिश्तों में अना की केल जड़ी होती है । सब में भारी होती है बाप की अना । ! बाप का रोल अक्सर वेलन का भी हो ता है ।  
 बाप अक्सर भूल जाते हैं कि बेटों के पहलू में भी दिल होता है । बाप की अना दिल की धड़कनों पर काबिज होती है । जैलानी के पहलू में भी दिल था । जब दसवीं जमात पास की तो इस में हसन बानो का दिल धड़कने लगा । सुर्ख سرخ होंट । गुलाबी रुखसार । झुकी جھکی सी आंखें । !  
 जैलानी रिटायर्ड आई _ ए _ इस थे । उन्हों ने आई _ ए _ इस कालोनी में ही मकान बनवाना पसंद किया था । |
2022-01-24 15:52:31,778 INFO: Going into detokenize function
2022-01-24 15:52:31,782 INFO: After detokenize function text=|नहीं थी वतन वाली कि पीठ पर एक धप्लगाया।
होंट दायर्नुमा हो जाते।
इंसानी रिश्तों में अना की केल जड़ी होती है। सब में भारी होती है बाप की अना।! बाप का रोल अक्सर वेलन का भी हो ता है।
बाप अक्सर भूल जाते हैं कि बेटों के पहलू में भी दिल होता है। बाप की अना दिल की धड़कनों पर काबिज होती है। जैलानी के पहलू में भी दिल था। जब दसवीं जमात पास की तो इस में हसन बानो का दिल धड़कने लगा। सुर्ख-सुर्ख होंट। गुलाबी रुखसार। झुकी-झुकी सी आंखें।! 
जैलानी रिटायर्ड आई_ए_इस थे। उन्हों ने आई_ए_इस कालोनी में ही मकान बनवाना पसंद किया था।|
2022-01-24 15:52:31,782 INFO: Going into post_process function
2022-01-24 15:52:31,782 INFO: In Post Process Function, text=नहीं थी वतन वाली कि पीठ पर एक धप्लगाया।
होंट दायर्नुमा हो जाते।
इंसानी रिश्तों में अना की केल जड़ी होती है। सब में भारी होती है बाप की अना।! बाप का रोल अक्सर वेलन का भी हो ता है।
बाप अक्सर भूल जाते हैं कि बेटों के पहलू में भी दिल होता है। बाप की अना दिल की धड़कनों पर काबिज होती है। जैलानी के पहलू में भी दिल था। जब दसवीं जमात पास की तो इस में हसन बानो का दिल धड़कने लगा। सुर्ख-सुर्ख होंट। गुलाबी रुखसार। झुकी-झुकी सी आंखें।! 
जैलानी रिटायर्ड आई_ए_इस थे। उन्हों ने आई_ए_इस कालोनी में ही मकान बनवाना पसंद किया था।
2022-01-24 15:52:31,783 INFO: Post Process Function before subsitution from post process bag, text=नहीं थी वतन वाली कि पीठ पर एक धप्लगाया।
होंट दायर्नुमा हो जाते।
इंसानी रिश्तों में अना की केल जड़ी होती है। सब में भारी होती है बाप की अना।! बाप का रोल अक्सर वेलन का भी हो ता है।
बाप अक्सर भूल जाते हैं कि बेटों के पहलू में भी दिल होता है। बाप की अना दिल की धड़कनों पर काबिज होती है। जैलानी के पहलू में भी दिल था। जब दसवीं जमात पास की तो इस में हसन बानो का दिल धड़कने लगा। सुर्ख-सुर्ख होंट। गुलाबी रुखसार। झुकी-झुकी सी आंखें।! 
जैलानी रिटायर्ड आई_ए_इस थे। उन्हों ने आई_ए_इस कालोनी में ही मकान बनवाना पसंद किया था।
2022-01-24 15:52:31,783 INFO: Current word is;key=|X X X X|,target=|YYYYY|
2022-01-24 15:52:31,783 INFO: Current word is;key=|X X X|,target=|YYY|
2022-01-24 15:52:31,783 INFO: Current word is;key=|X X|,target=|YY|
2022-01-24 15:52:31,784 INFO: Current word is;key=|X|,target=|Y|
2022-01-24 15:52:31,784 INFO: Current word is;key=|सुर्ख़-सुर्ख़|,target=|सुर्ख़ सुर्ख़|
2022-01-24 15:52:31,784 INFO: Current word is;key=|धड़कनेलगा|,target=|धड़कने लगा|
2022-01-24 15:52:31,784 INFO: Post Process Function after subsitution from post process bag, text=नहीं थी वतन वाली कि पीठ पर एक धप्लगाया।
होंट दायर्नुमा हो जाते।
इंसानी रिश्तों में अना की केल जड़ी होती है। सब में भारी होती है बाप की अना।! बाप का रोल अक्सर वेलन का भी हो ता है।
बाप अक्सर भूल जाते हैं कि बेटों के पहलू में भी दिल होता है। बाप की अना दिल की धड़कनों पर काबिज होती है। जैलानी के पहलू में भी दिल था। जब दसवीं जमात पास की तो इस में हसन बानो का दिल धड़कने लगा। सुर्ख-सुर्ख होंट। गुलाबी रुखसार। झुकी-झुकी सी आंखें।! 
जैलानी रिटायर्ड आई_ए_इस थे। उन्हों ने आई_ए_इस कालोनी में ही मकान बनवाना पसंद किया था।
2022-01-24 15:52:31,784 INFO: After post_process function text=|नहीं थी वतन वाली कि पीठ पर एक धप्लगाया।
होंट दायर्नुमा हो जाते।
इंसानी रिश्तों में अना की केल जड़ी होती है। सब में भारी होती है बाप की अना।! बाप का रोल अक्सर वेलन का भी हो ता है।
बाप अक्सर भूल जाते हैं कि बेटों के पहलू में भी दिल होता है। बाप की अना दिल की धड़कनों पर काबिज होती है। जैलानी के पहलू में भी दिल था। जब दसवीं जमात पास की तो इस में हसन बानो का दिल धड़कने लगा। सुर्ख-सुर्ख होंट। गुलाबी रुखसार। झुकी-झुकी सी आंखें।! 
जैलानी रिटायर्ड आई_ए_इस थे। उन्हों ने आई_ए_इस कालोनी में ही मकान बनवाना पसंद किया था।|
2022-01-24 15:52:31,784 INFO: Writing output to outfile=|out.txt|
